<?xml version="1.0" encoding="UTF-8"?>
<!-- Generated by org.testng.reporters.JUnitReportReporter -->
<testsuite hostname="LAPTOP-0V7D4U7A" failures="0" tests="1" name="sampleTest.Testcase1" time="9.995" errors="0" timestamp="2020-01-18T09:26:43 IST" skipped="0">
  <testcase classname="sampleTest.Testcase1" name="Editbtn" time="9.995"/>
</testsuite> <!-- sampleTest.Testcase1 -->
